Using pre-set license
Built from '2021.3/staging' branch; Version is '2021.3.23f1 (213b516bf396) revision 2177873'; Using compiler version '192829333'; Build Type 'Release'
OS: 'Windows 11  (10.0.22621) 64bit CoreSingleLanguage' Language: 'tr' Physical Memory: 7991 MB
BatchMode: 1, IsHumanControllingUs: 0, StartBugReporterOnCrash: 0, Is64bit: 1, IsPro: 1

COMMAND LINE ARGUMENTS:
C:\Program Files\Unity\Hub\Editor\2021.3.23f1\Editor\Unity.exe
-adb2
-batchMode
-noUpm
-name
AssetImportWorker0
-projectPath
C:/Users/90544/Desktop/Uretken Akademi/SixthWeekHomework
-logFile
Logs/AssetImportWorker0.log
-srvPort
61312
Successfully changed project path to: C:/Users/90544/Desktop/Uretken Akademi/SixthWeekHomework
C:/Users/90544/Desktop/Uretken Akademi/SixthWeekHomework
[UnityMemory] Configuration Parameters - Can be set up in boot.config
    "memorysetup-bucket-allocator-granularity=16"
    "memorysetup-bucket-allocator-bucket-count=8"
    "memorysetup-bucket-allocator-block-size=33554432"
    "memorysetup-bucket-allocator-block-count=8"
    "memorysetup-main-allocator-block-size=16777216"
    "memorysetup-thread-allocator-block-size=16777216"
    "memorysetup-gfx-main-allocator-block-size=16777216"
    "memorysetup-gfx-thread-allocator-block-size=16777216"
    "memorysetup-cache-allocator-block-size=4194304"
    "memorysetup-typetree-allocator-block-size=2097152"
    "memorysetup-profiler-bucket-allocator-granularity=16"
    "memorysetup-profiler-bucket-allocator-bucket-count=8"
    "memorysetup-profiler-bucket-allocator-block-size=33554432"
    "memorysetup-profiler-bucket-allocator-block-count=8"
    "memorysetup-profiler-allocator-block-size=16777216"
    "memorysetup-profiler-editor-allocator-block-size=1048576"
    "memorysetup-temp-allocator-size-main=16777216"
    "memorysetup-job-temp-allocator-block-size=2097152"
    "memorysetup-job-temp-allocator-block-size-background=1048576"
    "memorysetup-job-temp-allocator-reduction-small-platforms=262144"
    "memorysetup-temp-allocator-size-background-worker=32768"
    "memorysetup-temp-allocator-size-job-worker=262144"
    "memorysetup-temp-allocator-size-preload-manager=33554432"
    "memorysetup-temp-allocator-size-nav-mesh-worker=65536"
    "memorysetup-temp-allocator-size-audio-worker=65536"
    "memorysetup-temp-allocator-size-cloud-worker=32768"
    "memorysetup-temp-allocator-size-gi-baking-worker=262144"
    "memorysetup-temp-allocator-size-gfx=262144"
Player connection [7976] Host "[IP] 192.168.56.1 [Port] 0 [Flags] 2 [Guid] 1658970089 [EditorId] 1658970089 [Version] 1048832 [Id] WindowsEditor(7,semaakdg_) [Debug] 1 [PackageName] WindowsEditor [ProjectName] Editor" joined multi-casting on [225.0.0.222:54997]...

Player connection [7976] Host "[IP] 192.168.56.1 [Port] 0 [Flags] 2 [Guid] 1658970089 [EditorId] 1658970089 [Version] 1048832 [Id] WindowsEditor(7,semaakdg_) [Debug] 1 [PackageName] WindowsEditor [ProjectName] Editor" joined alternative multi-casting on [225.0.0.222:34997]...

Refreshing native plugins compatible for Editor in 141.81 ms, found 3 plugins.
Preloading 0 native plugins for Editor in 0.00 ms.
Initialize engine version: 2021.3.23f1 (213b516bf396)
[Subsystems] Discovering subsystems at path C:/Program Files/Unity/Hub/Editor/2021.3.23f1/Editor/Data/Resources/UnitySubsystems
[Subsystems] Discovering subsystems at path C:/Users/90544/Desktop/Uretken Akademi/SixthWeekHomework/Assets
GfxDevice: creating device client; threaded=0; jobified=0
Direct3D:
    Version:  Direct3D 11.0 [level 11.1]
    Renderer: Intel(R) Iris(R) Xe Graphics (ID=0x9a49)
    Vendor:   Intel
    VRAM:     3995 MB
    Driver:   31.0.101.3889
Initialize mono
Mono path[0] = 'C:/Program Files/Unity/Hub/Editor/2021.3.23f1/Editor/Data/Managed'
Mono path[1] = 'C:/Program Files/Unity/Hub/Editor/2021.3.23f1/Editor/Data/MonoBleedingEdge/lib/mono/unityjit-win32'
Mono config path = 'C:/Program Files/Unity/Hub/Editor/2021.3.23f1/Editor/Data/MonoBleedingEdge/etc'
Using monoOptions --debugger-agent=transport=dt_socket,embedding=1,server=y,suspend=n,address=127.0.0.1:56048
Begin MonoManager ReloadAssembly
Registering precompiled unity dll's ...
Register platform support module: C:/Program Files/Unity/Hub/Editor/2021.3.23f1/Editor/Data/PlaybackEngines/AndroidPlayer/UnityEditor.Android.Extensions.dll
Register platform support module: C:/Program Files/Unity/Hub/Editor/2021.3.23f1/Editor/Data/PlaybackEngines/WindowsStandaloneSupport/UnityEditor.WindowsStandalone.Extensions.dll
Registered in 0.008781 seconds.
Native extension for WindowsStandalone target not found
Native extension for Android target not found
Android Extension - Scanning For ADB Devices 349 ms
Refreshing native plugins compatible for Editor in 89.06 ms, found 3 plugins.
Preloading 0 native plugins for Editor in 0.00 ms.
Mono: successfully reloaded assembly
- Completed reload, in  1.275 seconds
Domain Reload Profiling:
	ReloadAssembly (1275ms)
		BeginReloadAssembly (236ms)
			ExecutionOrderSort (0ms)
			DisableScriptedObjects (0ms)
			BackupInstance (0ms)
			ReleaseScriptingObjects (0ms)
			CreateAndSetChildDomain (1ms)
		EndReloadAssembly (933ms)
			LoadAssemblies (234ms)
			RebuildTransferFunctionScriptingTraits (0ms)
			SetupTypeCache (142ms)
			ReleaseScriptCaches (0ms)
			RebuildScriptCaches (32ms)
			SetupLoadedEditorAssemblies (696ms)
				LogAssemblyErrors (0ms)
				InitializePlatformSupportModulesInManaged (448ms)
				SetLoadedEditorAssemblies (0ms)
				RefreshPlugins (89ms)
				BeforeProcessingInitializeOnLoad (2ms)
				ProcessInitializeOnLoadAttributes (102ms)
				ProcessInitializeOnLoadMethodAttributes (54ms)
				AfterProcessingInitializeOnLoad (0ms)
				EditorAssembliesLoaded (0ms)
			ExecutionOrderSort2 (0ms)
			AwakeInstancesAfterBackupRestoration (0ms)
Platform modules already initialized, skipping
Registering precompiled user dll's ...
Registered in 0.025090 seconds.
Begin MonoManager ReloadAssembly
Symbol file LoadedFromMemory doesn't match image C:\Users\90544\Desktop\Uretken Akademi\SixthWeekHomework\Library\PackageCache\com.unity.visualscripting@1.8.0\Editor\VisualScripting.Core\Dependencies\YamlDotNet\Unity.VisualScripting.YamlDotNet.dll
Symbol file LoadedFromMemory doesn't match image C:\Users\90544\Desktop\Uretken Akademi\SixthWeekHomework\Library\PackageCache\com.unity.visualscripting@1.8.0\Editor\VisualScripting.Core\Dependencies\DotNetZip\Unity.VisualScripting.IonicZip.dll
Native extension for WindowsStandalone target not found
Native extension for Android target not found
Refreshing native plugins compatible for Editor in 1.00 ms, found 3 plugins.
Preloading 0 native plugins for Editor in 0.00 ms.
Mono: successfully reloaded assembly
- Completed reload, in  1.238 seconds
Domain Reload Profiling:
	ReloadAssembly (1239ms)
		BeginReloadAssembly (131ms)
			ExecutionOrderSort (0ms)
			DisableScriptedObjects (6ms)
			BackupInstance (0ms)
			ReleaseScriptingObjects (0ms)
			CreateAndSetChildDomain (25ms)
		EndReloadAssembly (919ms)
			LoadAssemblies (164ms)
			RebuildTransferFunctionScriptingTraits (0ms)
			SetupTypeCache (320ms)
			ReleaseScriptCaches (1ms)
			RebuildScriptCaches (52ms)
			SetupLoadedEditorAssemblies (359ms)
				LogAssemblyErrors (0ms)
				InitializePlatformSupportModulesInManaged (18ms)
				SetLoadedEditorAssemblies (1ms)
				RefreshPlugins (1ms)
				BeforeProcessingInitializeOnLoad (80ms)
				ProcessInitializeOnLoadAttributes (235ms)
				ProcessInitializeOnLoadMethodAttributes (19ms)
				AfterProcessingInitializeOnLoad (5ms)
				EditorAssembliesLoaded (0ms)
			ExecutionOrderSort2 (0ms)
			AwakeInstancesAfterBackupRestoration (6ms)
Platform modules already initialized, skipping
========================================================================
Worker process is ready to serve import requests
Launched and connected shader compiler UnityShaderCompiler.exe after 0.07 seconds
Refreshing native plugins compatible for Editor in 0.47 ms, found 3 plugins.
Preloading 0 native plugins for Editor in 0.00 ms.
Unloading 3046 Unused Serialized files (Serialized files now loaded: 0)
Unloading 24 unused Assets / (113.4 KB). Loaded Objects now: 3508.
Memory consumption went from 107.6 MB to 107.5 MB.
Total: 2.711700 ms (FindLiveObjects: 0.289200 ms CreateObjectMapping: 0.114800 ms MarkObjects: 2.210800 ms  DeleteObjects: 0.095600 ms)

AssetImportParameters requested are different than current active one (requested -> active):
  custom:video-decoder-ogg-theora: a1e56fd34408186e4bbccfd4996cb3dc -> 
  custom:container-muxer-webm: aa71ff27fc2769a1b78a27578f13a17b -> 
  custom:container-demuxer-webm: 4f35f7cbe854078d1ac9338744f61a02 -> 
  custom:video-encoder-webm-vp8: eb34c28f22e8b96e1ab97ce403110664 -> 
  custom:video-codec-MediaFoundation-h265: 746d11721c4dcdbdad8f713fa42b33f4 -> 
  custom:audio-encoder-webm-vorbis: bf7c407c2cedff20999df2af8eb42d56 -> 
  custom:framework-win-MediaFoundation: 216162199b28c13a410421893ffa2e32 -> 
  custom:container-demuxer-ogg: 62fdf1f143b41e24485cea50d1cbac27 -> 
  custom:video-decoder-webm-vp8: 9c59270c3fd7afecdb556c50c9e8de78 -> 
  custom:audio-decoder-ogg-vorbis: bf7c407c2cedff20999df2af8eb42d56 -> 
========================================================================
Received Import Request.
  Time since last request: 689668.527074 seconds.
  path: Assets/First
  artifactKey: Guid(6ea315d0fd7389c41b19996891e99ae3) Importer(815301076,1909f56bfc062723c751e8b465ee728b)
Start importing Assets/First using Guid(6ea315d0fd7389c41b19996891e99ae3) Importer(815301076,1909f56bfc062723c751e8b465ee728b)  -> (artifact id: 'a14ef7606912d6fa649abe411f1d2f20') in 0.030114 seconds 
========================================================================
Received Import Request.
  Time since last request: 3.110116 seconds.
  path: Assets/First/SampleScene.unity
  artifactKey: Guid(9fc0d4010bbf28b4594072e72b8655ab) Importer(815301076,1909f56bfc062723c751e8b465ee728b)
Start importing Assets/First/SampleScene.unity using Guid(9fc0d4010bbf28b4594072e72b8655ab) Importer(815301076,1909f56bfc062723c751e8b465ee728b)  -> (artifact id: 'e55ccaa32d8e5c1de03c07a5412c8c3c') in 0.016986 seconds 
========================================================================
Received Import Request.
  Time since last request: 44.767377 seconds.
  path: Assets/Scenes/First.unity
  artifactKey: Guid(9fc0d4010bbf28b4594072e72b8655ab) Importer(815301076,1909f56bfc062723c751e8b465ee728b)
Start importing Assets/Scenes/First.unity using Guid(9fc0d4010bbf28b4594072e72b8655ab) Importer(815301076,1909f56bfc062723c751e8b465ee728b)  -> (artifact id: '7f6b58311836c659d162679830cac602') in 0.017333 seconds 
========================================================================
Received Import Request.
  Time since last request: 15.193112 seconds.
  path: Assets/Scenes/Second.unity
  artifactKey: Guid(b6150dbac4425f24bb58eaa4297a3c6a) Importer(815301076,1909f56bfc062723c751e8b465ee728b)
Start importing Assets/Scenes/Second.unity using Guid(b6150dbac4425f24bb58eaa4297a3c6a) Importer(815301076,1909f56bfc062723c751e8b465ee728b)  -> (artifact id: '7caa4af45c28945a940f9b16d15d4343') in 0.019960 seconds 
========================================================================
Received Import Request.
  Time since last request: 4.479187 seconds.
  path: Assets
  artifactKey: Guid(00000000000000001000000000000000) Importer(815301076,1909f56bfc062723c751e8b465ee728b)
Start importing Assets using Guid(00000000000000001000000000000000) Importer(815301076,1909f56bfc062723c751e8b465ee728b)  -> (artifact id: '79842766b460edbeab6a34051e857a80') in 0.017586 seconds 
========================================================================
Received Import Request.
  Time since last request: 6.027245 seconds.
  path: Assets/Scripts
  artifactKey: Guid(fedf39403da5a8543878f28652e63b35) Importer(815301076,1909f56bfc062723c751e8b465ee728b)
Start importing Assets/Scripts using Guid(fedf39403da5a8543878f28652e63b35) Importer(815301076,1909f56bfc062723c751e8b465ee728b)  -> (artifact id: 'f271bcb5009316516926bd9499ead7c3') in 0.017202 seconds 
========================================================================
Received Import Request.
  Time since last request: 6.908761 seconds.
  path: Assets/Texture
  artifactKey: Guid(bc63711580fa90843bf440991ce1af39) Importer(815301076,1909f56bfc062723c751e8b465ee728b)
Start importing Assets/Texture using Guid(bc63711580fa90843bf440991ce1af39) Importer(815301076,1909f56bfc062723c751e8b465ee728b)  -> (artifact id: 'd5349e9ce2a6ff951f6fd400819977de') in 0.016634 seconds 
========================================================================
Received Import Request.
  Time since last request: 29.050027 seconds.
  path: Assets/Texture/Texture
  artifactKey: Guid(03311b461dcac094c96f209eb899f951) Importer(815301076,1909f56bfc062723c751e8b465ee728b)
Start importing Assets/Texture/Texture using Guid(03311b461dcac094c96f209eb899f951) Importer(815301076,1909f56bfc062723c751e8b465ee728b)  -> (artifact id: '103433542dac9fb64522801ee4cdb59c') in 0.003429 seconds 
========================================================================
Received Import Request.
  Time since last request: 0.049375 seconds.
  path: Assets/Texture/Texture/54-540804_lord-of-the-rings-desktop-wallpaper.jpg
  artifactKey: Guid(71c70412d1ce9254d957bb2f44f9c657) Importer(815301076,1909f56bfc062723c751e8b465ee728b)
Start importing Assets/Texture/Texture/54-540804_lord-of-the-rings-desktop-wallpaper.jpg using Guid(71c70412d1ce9254d957bb2f44f9c657) Importer(815301076,1909f56bfc062723c751e8b465ee728b)  -> (artifact id: '12552f606657ec15a00ea75a59f1ff45') in 0.326116 seconds 
========================================================================
Received Import Request.
  Time since last request: 0.000048 seconds.
  path: Assets/Texture/Texture/exit-fest-2022-1200x675.jpg
  artifactKey: Guid(e30638ec74332894793ee0238d1b8deb) Importer(815301076,1909f56bfc062723c751e8b465ee728b)
Start importing Assets/Texture/Texture/exit-fest-2022-1200x675.jpg using Guid(e30638ec74332894793ee0238d1b8deb) Importer(815301076,1909f56bfc062723c751e8b465ee728b)  -> (artifact id: 'ecbcd3173d3ce00bc12b006a11798412') in 0.073133 seconds 
========================================================================
Received Import Request.
  Time since last request: 0.000040 seconds.
  path: Assets/Texture/Texture/fc6ec20640e2a2e2b1d367029fac7c40.jpeg
  artifactKey: Guid(55603f95ceb4d8e45aa15050071f4bee) Importer(815301076,1909f56bfc062723c751e8b465ee728b)
Start importing Assets/Texture/Texture/fc6ec20640e2a2e2b1d367029fac7c40.jpeg using Guid(55603f95ceb4d8e45aa15050071f4bee) Importer(815301076,1909f56bfc062723c751e8b465ee728b)  -> (artifact id: '1c4fd3f87e4c17784f5322f7498fa62d') in 0.287109 seconds 
========================================================================
Received Import Request.
  Time since last request: 0.000029 seconds.
  path: Assets/Texture/Texture/wp7898052.png
  artifactKey: Guid(f443099e43ee8ed41bc7ba61ed8d7c2b) Importer(815301076,1909f56bfc062723c751e8b465ee728b)
Start importing Assets/Texture/Texture/wp7898052.png using Guid(f443099e43ee8ed41bc7ba61ed8d7c2b) Importer(815301076,1909f56bfc062723c751e8b465ee728b)  -> (artifact id: 'f0df053a9def613e846bb5fc77099a30') in 0.191507 seconds 
========================================================================
Received Import Request.
  Time since last request: 370.527546 seconds.
  path: Assets/WriteType/Great_Vibes
  artifactKey: Guid(46b6ec0b2573cb141bb52b0879b7dbb4) Importer(815301076,1909f56bfc062723c751e8b465ee728b)
Start importing Assets/WriteType/Great_Vibes using Guid(46b6ec0b2573cb141bb52b0879b7dbb4) Importer(815301076,1909f56bfc062723c751e8b465ee728b)  -> (artifact id: 'c47dbce7467db4ea0daea12b7f94235a') in 0.034273 seconds 
========================================================================
Received Import Request.
  Time since last request: 0.000713 seconds.
  path: Assets/WriteType/Great_Vibes/GreatVibes-Regular.ttf
  artifactKey: Guid(31f144d92dbb1d948b5ba88c2b2df95c) Importer(815301076,1909f56bfc062723c751e8b465ee728b)
Start importing Assets/WriteType/Great_Vibes/GreatVibes-Regular.ttf using Guid(31f144d92dbb1d948b5ba88c2b2df95c) Importer(815301076,1909f56bfc062723c751e8b465ee728b)  -> (artifact id: '9f1f947df1416f4aea1548ff64844d3a') in 0.447419 seconds 
========================================================================
Received Import Request.
  Time since last request: 141.445800 seconds.
  path: Assets/Scripts/Buttons.cs
  artifactKey: Guid(2ceb9884f82159a42b0e55fb9e290794) Importer(815301076,1909f56bfc062723c751e8b465ee728b)
Start importing Assets/Scripts/Buttons.cs using Guid(2ceb9884f82159a42b0e55fb9e290794) Importer(815301076,1909f56bfc062723c751e8b465ee728b)  -> (artifact id: '24964840d33fe282685fbe9d8761e852') in 0.030132 seconds 
========================================================================
Received Prepare
Registering precompiled user dll's ...
Registered in 0.008344 seconds.
Begin MonoManager ReloadAssembly
Symbol file LoadedFromMemory doesn't match image C:\Users\90544\Desktop\Uretken Akademi\SixthWeekHomework\Library\PackageCache\com.unity.visualscripting@1.8.0\Editor\VisualScripting.Core\Dependencies\YamlDotNet\Unity.VisualScripting.YamlDotNet.dll
Symbol file LoadedFromMemory doesn't match image C:\Users\90544\Desktop\Uretken Akademi\SixthWeekHomework\Library\PackageCache\com.unity.visualscripting@1.8.0\Editor\VisualScripting.Core\Dependencies\DotNetZip\Unity.VisualScripting.IonicZip.dll
Native extension for WindowsStandalone target not found
Native extension for Android target not found
Refreshing native plugins compatible for Editor in 1.30 ms, found 3 plugins.
Preloading 0 native plugins for Editor in 0.00 ms.
Mono: successfully reloaded assembly
- Completed reload, in  3.523 seconds
Domain Reload Profiling:
	ReloadAssembly (3536ms)
		BeginReloadAssembly (1860ms)
			ExecutionOrderSort (0ms)
			DisableScriptedObjects (69ms)
			BackupInstance (0ms)
			ReleaseScriptingObjects (0ms)
			CreateAndSetChildDomain (883ms)
		EndReloadAssembly (1504ms)
			LoadAssemblies (407ms)
			RebuildTransferFunctionScriptingTraits (1ms)
			SetupTypeCache (612ms)
			ReleaseScriptCaches (2ms)
			RebuildScriptCaches (69ms)
			SetupLoadedEditorAssemblies (503ms)
				LogAssemblyErrors (0ms)
				InitializePlatformSupportModulesInManaged (41ms)
				SetLoadedEditorAssemblies (1ms)
				RefreshPlugins (1ms)
				BeforeProcessingInitializeOnLoad (97ms)
				ProcessInitializeOnLoadAttributes (330ms)
				ProcessInitializeOnLoadMethodAttributes (24ms)
				AfterProcessingInitializeOnLoad (9ms)
				EditorAssembliesLoaded (0ms)
			ExecutionOrderSort2 (0ms)
			AwakeInstancesAfterBackupRestoration (9ms)
Platform modules already initialized, skipping
Refreshing native plugins compatible for Editor in 5.69 ms, found 3 plugins.
Preloading 0 native plugins for Editor in 0.00 ms.
Unloading 3042 Unused Serialized files (Serialized files now loaded: 0)
Unloading 17 unused Assets / (79.9 KB). Loaded Objects now: 3568.
Memory consumption went from 112.2 MB to 112.1 MB.
Total: 8.992200 ms (FindLiveObjects: 0.242800 ms CreateObjectMapping: 0.081200 ms MarkObjects: 7.847300 ms  DeleteObjects: 0.819600 ms)

AssetImportParameters requested are different than current active one (requested -> active):
  custom:video-decoder-ogg-theora: a1e56fd34408186e4bbccfd4996cb3dc -> 
  custom:container-muxer-webm: aa71ff27fc2769a1b78a27578f13a17b -> 
  custom:container-demuxer-webm: 4f35f7cbe854078d1ac9338744f61a02 -> 
  custom:video-encoder-webm-vp8: eb34c28f22e8b96e1ab97ce403110664 -> 
  custom:video-codec-MediaFoundation-h265: 746d11721c4dcdbdad8f713fa42b33f4 -> 
  custom:audio-encoder-webm-vorbis: bf7c407c2cedff20999df2af8eb42d56 -> 
  custom:framework-win-MediaFoundation: 216162199b28c13a410421893ffa2e32 -> 
  custom:container-demuxer-ogg: 62fdf1f143b41e24485cea50d1cbac27 -> 
  custom:video-decoder-webm-vp8: 9c59270c3fd7afecdb556c50c9e8de78 -> 
  custom:audio-decoder-ogg-vorbis: bf7c407c2cedff20999df2af8eb42d56 -> 
